<?xml version="1.0" encoding="UTF-8"?>
<!-- Generated by org.testng.reporters.JUnitReportReporter -->
<testsuite hostname="ATMECSINDT-068" name="com.qa.automation.falconUI.testscript.SampleTestScript" tests="1" failures="0" timestamp="12 Sep 2019 09:34:19 GMT" time="27.928" errors="0">
  <testcase name="sampleTest" time="27.928" classname="com.qa.automation.falconUI.testscript.SampleTestScript"/>
</testsuite> <!-- com.qa.automation.falconUI.testscript.SampleTestScript -->
